[32m/home/lind/lind-wasm-3i/src/wasmtime/target/debug/wasmtime run --allow-precompiled --wasi threads=y --wasi preview2=n getuid_grate.cwasm 10[0m
Cageid: 1
[3i|make_syscall] syscallnum: 21, self_cageid: 1, target_cageid: 1
[mmap_syscall] selfcageid: 1, FD Cageid: 1
[mmap_inner] cageid: 1, vfd: -1
[3i|make_syscall] regular syscallnum: 21, ret: 0, self_cageid: 1, target_cageid: 1
[wasmtime|run] load_main_module
[3i|threei_test_func] Callback replaced with grateid 1
[3i|threei_test_func] Added grate entry func to global table
[3i|make_syscall] syscallnum: 191, self_cageid: 1, target_cageid: 1
[3i|make_syscall] regular syscallnum: 191, ret: -14, self_cageid: 1, target_cageid: 1
[3i|make_syscall] syscallnum: 176, self_cageid: 1, target_cageid: 1
[sbrk_syscall]
[mmap_inner] cageid: 1, vfd: -1
[3i|make_syscall] regular syscallnum: 176, ret: 196608, self_cageid: 1, target_cageid: 1
[3i|make_syscall] syscallnum: 176, self_cageid: 1, target_cageid: 1
[sbrk_syscall]
[mmap_inner] cageid: 1, vfd: -1
[3i|make_syscall] regular syscallnum: 176, ret: 331776, self_cageid: 1, target_cageid: 1
[3i|make_syscall] syscallnum: 31, self_cageid: 1, target_cageid: 1
[3i|make_syscall] regular syscallnum: 31, ret: 1, self_cageid: 1, target_cageid: 1
[3i|make_syscall] syscallnum: 13, self_cageid: 1, target_cageid: 1
[grate | getuid] setted uid: 10[3i|make_syscall] regular syscallnum: 13, ret: 31, self_cageid: 1, target_cageid: 1
[3i|make_syscall] syscallnum: 68, self_cageid: 1, target_cageid: 1
[3i|make_syscall] regular syscallnum: 68, ret: 0, self_cageid: 1, target_cageid: 1
Cageid: 2
[3i|register_handler] handler_table: {2: {50: {1: 1}}}
[3i|make_syscall] syscallnum: 173, self_cageid: 1, target_cageid: 1
[rawposix|waitpid] cp-1--- cageid: 1, cageid_arg: 2, status: 0x7de1d00208d4, options: 0
[rawposix|waitpid] cp-2
[3i|register_handler] handler_table: {2: {50: {1: 1}}, 0: {50: {1: 2}}}
[3i|make_syscall] syscallnum: 69, self_cageid: 2, target_cageid: 2
[3i|make_syscall] regular syscallnum: 69, ret: 0, self_cageid: 2, target_cageid: 2
Cageid: 2
[3i|make_syscall] syscallnum: 21, self_cageid: 2, target_cageid: 2
[mmap_syscall] selfcageid: 2, FD Cageid: 2
[mmap_inner] cageid: 2, vfd: -1
[3i|make_syscall] regular syscallnum: 21, ret: 0, self_cageid: 2, target_cageid: 2
[wasmtime|run] load_main_module
[3i|threei_test_func] Callback replaced with grateid 2
[3i|threei_test_func] Added grate entry func to global table
[3i|make_syscall] syscallnum: 191, self_cageid: 2, target_cageid: 2
[3i|make_syscall] regular syscallnum: 191, ret: -14, self_cageid: 2, target_cageid: 2
[3i|make_syscall] syscallnum: 176, self_cageid: 2, target_cageid: 2
[sbrk_syscall]
[mmap_inner] cageid: 2, vfd: -1
[3i|make_syscall] regular syscallnum: 176, ret: 196608, self_cageid: 2, target_cageid: 2
[3i|make_syscall] syscallnum: 176, self_cageid: 2, target_cageid: 2
[sbrk_syscall]
[mmap_inner] cageid: 2, vfd: -1
[3i|make_syscall] regular syscallnum: 176, ret: 331776, self_cageid: 2, target_cageid: 2
[3i|make_syscall] syscallnum: 13, self_cageid: 2, target_cageid: 2
[cage | getuid] getuid ret = 0[3i|make_syscall] regular syscallnum: 13, ret: 30, self_cageid: 2, target_cageid: 2
[3i|make_syscall] syscallnum: 30, self_cageid: 2, target_cageid: 2
[3i|make_syscall] regular syscallnum: [rawposix|waitpid] cp-3
30, ret: 0, self_cageid: 2, target_cageid: 2
[3i|make_syscall] regular syscallnum: 173, ret: 2, self_cageid: 1, target_cageid: 1
[3i|make_syscall] syscallnum: 13, self_cageid: 1, target_cageid: 1
Grate terminated, status: 0
[3i|make_syscall] regular syscallnum: 13, ret: 28, self_cageid: 1, target_cageid: 1
[3i|make_syscall] syscallnum: 30, self_cageid: 1, target_cageid: 1
[3i|make_syscall] regular syscallnum: 30, ret: 0, self_cageid: 1, target_cageid: 1
