[32m/home/lind/lind-wasm/src/wasmtime/target/debug/wasmtime run --allow-precompiled --wasi threads=y --wasi preview2=n getuid_grate.cwasm getuid.cwasm[0m
Cageid: 1
[3i|make_syscall] syscallnum: 21, self_cageid: 1, target_cageid: 1
[mmap_syscall] selfcageid: 1, FD Cageid: 1
[mmap_inner] cageid: 1, vfd: -1
[3i|threei_test_func] Callback replaced with grateid 1
[3i|threei_test_func] Added grate entry func to global table
[wasmtime|common] callnum: 191, call_name:7514
[3i|make_syscall] syscallnum: 191, self_cageid: 1, target_cageid: 1
[wasmtime|common] callnum: 191, ret:-14
[wasmtime|common] callnum: 176, call_name:6052
[3i|make_syscall] syscallnum: 176, self_cageid: 1, target_cageid: 1
[sbrk_syscall] cageid: 1
[sbrk_syscall] cp 1
[sbrk_syscall] cp 2
[sbrk_syscall] cp 3
[sbrk_syscall] cp 4
[sbrk_syscall] cp 4.5
[sbrk_syscall] cp 5
[mmap_inner] cageid: 1, vfd: -1
[wasmtime|common] callnum: 176, ret:196608
[wasmtime|common] callnum: 176, call_name:6052
[3i|make_syscall] syscallnum: 176, self_cageid: 1, target_cageid: 1
[sbrk_syscall] cageid: 1
[sbrk_syscall] cp 1
[sbrk_syscall] cp 2
[sbrk_syscall] cp 3
[sbrk_syscall] cp 4
[sbrk_syscall] cp 4.5
[sbrk_syscall] cp 5
[mmap_inner] cageid: 1, vfd: -1
[wasmtime|common] callnum: 176, ret:331776
[wasmtime|common] callnum: 31, call_name:9332
[3i|make_syscall] syscallnum: 31, self_cageid: 1, target_cageid: 1
[wasmtime|common] callnum: 31, ret:1
[wasmtime|common] callnum: 171, call_name:13431
[3i|make_syscall] syscallnum: 68, self_cageid: 1, target_cageid: 1
[wasmtime|common] callnum: 171, ret:0
Cageid: 2
[wasmtime|common] callnum: 171, call_name:13431
[wasmtime|common] callnum: 171, call_name:13431
[wasmtime|common] callnum: 171, ret:2
[wasmtime|common] callnum: 172, call_name:3259
[3i|make_syscall] syscallnum: 172, self_cageid: 1, target_cageid: 1
[wasmtime|common] callnum: 171, ret:0
[wasmtime|common] callnum: 31, call_name:9332
[3i|make_syscall] syscallnum: 31, self_cageid: 2, target_cageid: 2
[wasmtime|common] callnum: 31, ret:2
[wasmtime|common] callnum: 400, call_name:5110
[wasmtime|common] callnum: 400, ret:0
[wasmtime|common] callnum: 69, call_name:6982
[wasmtime|common] callnum: 69, ret:0
[3i|make_syscall] syscallnum: 69, self_cageid: 2, target_cageid: 2
Cageid: 2
[3i|make_syscall] syscallnum: 21, self_cageid: 2, target_cageid: 2
[mmap_syscall] selfcageid: 2, FD Cageid: 2
[mmap_inner] cageid: 2, vfd: -1
[3i|threei_test_func] Callback replaced with grateid 2
[3i|threei_test_func] Added grate entry func to global table
[wasmtime|common] callnum: 191, call_name:7384
[3i|make_syscall] syscallnum: 191, self_cageid: 2, target_cageid: 2
[wasmtime|common] callnum: 191, ret:-14
[wasmtime|common] callnum: 176, call_name:5974
[3i|make_syscall] syscallnum: 176, self_cageid: 2, target_cageid: 2
[sbrk_syscall] cageid: 2
[sbrk_syscall] cp 1
[sbrk_syscall] cp 2
[sbrk_syscall] cp 3
[sbrk_syscall] cp 4
[sbrk_syscall] cp 4.5
[sbrk_syscall] cp 5
[mmap_inner] cageid: 2, vfd: -1
[wasmtime|common] callnum: 176, ret:196608
[wasmtime|common] callnum: 176, call_name:5974
[3i|make_syscall] syscallnum: 176, self_cageid: 2, target_cageid: 2
[sbrk_syscall] cageid: 2
[sbrk_syscall] cp 1
[sbrk_syscall] cp 2
[sbrk_syscall] cp 3
[sbrk_syscall] cp 4
[sbrk_syscall] cp 4.5
[sbrk_syscall] cp 5
[mmap_inner] cageid: 2, vfd: -1
[wasmtime|common] callnum: 176, ret:331776
[wasmtime|common] callnum: 50, call_name:9164
[3i|make_syscall] syscallnum: 50, self_cageid: 2, target_cageid: 2
[3i|make_syscall] grate call -- selfcageid: 2, syscallnum: 50, callindex: 0, grateid: 1
[3i|call_grate_func] grateid (aka index): 1
[wasmtime|common] callnum: 13, call_name:7014
[3i|make_syscall] syscallnum: 13, self_cageid: 1, target_cageid: 1
[grate] val=11 | memory addr=0x1d704
[wasmtime|common] callnum: 13, ret:37
[wasmtime|common] callnum: 50, ret:11
[wasmtime|common] callnum: 13, call_name:6898
[3i|make_syscall] syscallnum: 13, self_cageid: 2, target_cageid: 2
[Cage | getuid] getuid ret = 11
[wasmtime|common] callnum: 13, ret:32
[wasmtime|common] callnum: 50, call_name:9164
[3i|make_syscall] syscallnum: 50, self_cageid: 2, target_cageid: 2
[3i|make_syscall] grate call -- selfcageid: 2, syscallnum: 50, callindex: 0, grateid: 1
[3i|call_grate_func] grateid (aka index): 1
[wasmtime|common] callnum: 13, call_name:7014
[3i|make_syscall] syscallnum: 13, self_cageid: 1, target_cageid: 1
[grate] val=12 | memory addr=0x1d704
[wasmtime|common] callnum: 13, ret:37
[wasmtime|common] callnum: 50, ret:12
[wasmtime|common] callnum: 13, call_name:6898
[3i|make_syscall] syscallnum: 13, self_cageid: 2, target_cageid: 2
[Cage | getuid2] getuid ret = 12
[wasmtime|common] callnum: 13, ret:33
[3i|make_syscall] syscallnum: 30, self_cageid: 2, target_cageid: 2
[wasmtime|common] callnum: 172, ret:2
[wasmtime|common] callnum: 13, call_name:7014
[3i|make_syscall] syscallnum: 13, self_cageid: 1, target_cageid: 1
[Grate | getuid] terminated, status: 0
[wasmtime|common] callnum: 13, ret:39
[wasmtime|common] callnum: 172, call_name:3259
[3i|make_syscall] syscallnum: 172, self_cageid: 1, target_cageid: 1
[wasmtime|common] callnum: 172, ret:-10
[3i|make_syscall] syscallnum: 30, self_cageid: 1, target_cageid: 1
